{
  "stats": {
    "suites": 4,
    "tests": 6,
    "passes": 3,
    "pending": 0,
    "failures": 3,
    "start": "2023-04-04T04:36:06.741Z",
    "end": "2023-04-04T04:36:07.929Z",
    "duration": 1188,
    "testsRegistered": 6,
    "passPercent": 50,
    "pendingPercent": 0,
    "other": 0,
    "hasOther": false,
    "skipped": 0,
    "hasSkipped": false
  },
  "results": [
    {
      "uuid": "c3c939b7-0858-4f91-ae87-c34b8fae53f3",
      "title": "",
      "fullFile": "",
      "file": "",
      "beforeHooks": [
        {
          "title": "\"before all\" hook in \"{root}\"",
          "fullTitle": "\"before all\" hook in \"{root}\"",
          "timedOut": false,
          "duration": 216,
          "state": null,
          "speed": null,
          "pass": false,
          "fail": false,
          "pending": false,
          "context": null,
          "code": "newUserResponse = await url.createUserFunc();\nnewUser = newUserResponse.data.user;",
          "err": {},
          "uuid": "983796cb-6fb8-4771-bd59-f51d6c628c28",
          "parentUUID": "c3c939b7-0858-4f91-ae87-c34b8fae53f3",
          "isHook": true,
          "skipped": false
        },
        {
          "title": "\"before all\" hook in \"{root}\"",
          "fullTitle": "\"before all\" hook in \"{root}\"",
          "timedOut": false,
          "duration": 117,
          "state": null,
          "speed": null,
          "pass": false,
          "fail": false,
          "pending": false,
          "context": null,
          "code": "newUserResponse = await url.createUserFunc();\nnewUser = newUserResponse.data.user;",
          "err": {},
          "uuid": "f717caba-b593-4ed7-810c-4f3308fdc2cd",
          "parentUUID": "c3c939b7-0858-4f91-ae87-c34b8fae53f3",
          "isHook": true,
          "skipped": false
        },
        {
          "title": "\"before all\" hook in \"{root}\"",
          "fullTitle": "\"before all\" hook in \"{root}\"",
          "timedOut": false,
          "duration": 116,
          "state": null,
          "speed": null,
          "pass": false,
          "fail": false,
          "pending": false,
          "context": null,
          "code": "newUserResponse = await url.createUserFunc();\nnewUser = newUserResponse.data.user;",
          "err": {},
          "uuid": "7af5b44a-2a0c-4107-8740-60eb8cb89e59",
          "parentUUID": "c3c939b7-0858-4f91-ae87-c34b8fae53f3",
          "isHook": true,
          "skipped": false
        }
      ],
      "afterHooks": [],
      "tests": [],
      "suites": [
        {
          "uuid": "152302b8-32af-4bf4-8c62-63a7bd4d7482",
          "title": "Delete user from database",
          "fullFile": "C:\\Users\\hp\\Desktop\\javascipt learning\\earlier\\javascript\\Backend\\1\\testing wtih chai\\test\\deleteUser.js",
          "file": "\\test\\deleteUser.js",
          "beforeHooks": [],
          "afterHooks": [],
          "tests": [
            {
              "title": "Delete single user from database",
              "fullTitle": "Delete user from database Delete single user from database",
              "timedOut": false,
              "duration": 134,
              "state": "passed",
              "speed": "slow",
              "pass": true,
              "fail": false,
              "pending": false,
              "context": null,
              "code": "const response = await axios.delete(url.deleteUser + \"/\" + newUser._id);\nexpect(response.status).to.be.equal(200);\nexpect(response.data.deluser).to.be.an(\"object\");",
              "err": {},
              "uuid": "80d10565-d8d6-4fb3-aeea-9e6599378d98",
              "parentUUID": "152302b8-32af-4bf4-8c62-63a7bd4d7482",
              "isHook": false,
              "skipped": false
            }
          ],
          "suites": [],
          "passes": [
            "80d10565-d8d6-4fb3-aeea-9e6599378d98"
          ],
          "failures": [],
          "pending": [],
          "skipped": [],
          "duration": 134,
          "root": false,
          "rootEmpty": false,
          "_timeout": 2000
        },
        {
          "uuid": "20de8a36-ba4c-426a-9157-87f7d48bb10f",
          "title": "Get user info",
          "fullFile": "C:\\Users\\hp\\Desktop\\javascipt learning\\earlier\\javascript\\Backend\\1\\testing wtih chai\\test\\getUser.js",
          "file": "\\test\\getUser.js",
          "beforeHooks": [],
          "afterHooks": [],
          "tests": [
            {
              "title": "Get all user",
              "fullTitle": "Get user info Get all user",
              "timedOut": false,
              "duration": 143,
              "state": "passed",
              "speed": "slow",
              "pass": true,
              "fail": false,
              "pending": false,
              "context": null,
              "code": "const response = await axios.get(url.getAllUser);\nconst data = await response.data;\nexpect(response.status).to.be.equal(200);\nexpect(response.data.user).to.be.an(\"array\");",
              "err": {},
              "uuid": "f5862679-4241-4830-b2c1-010f40bfcffa",
              "parentUUID": "20de8a36-ba4c-426a-9157-87f7d48bb10f",
              "isHook": false,
              "skipped": false
            },
            {
              "title": "Get single user",
              "fullTitle": "Get user info Get single user",
              "timedOut": false,
              "duration": 101,
              "state": "failed",
              "speed": null,
              "pass": false,
              "fail": true,
              "pending": false,
              "context": null,
              "code": "const response = await axios.get(url.singleUser + \"/\" + newUser._id);\nconsole.log(response.data);\nexpect(response.status).to.be.equal(200);\nexpect(response.data.singleUser).to.be.an(\"object\");",
              "err": {
                "message": "AxiosError: Request failed with status code 401",
                "estack": "AxiosError: Request failed with status code 401\n    at settle (node_modules\\axios\\dist\\node\\axios.cjs:1900:12)\n    at IncomingMessage.handleStreamEnd (node_modules\\axios\\dist\\node\\axios.cjs:2952:11)\n    at endReadableNT (_stream_readable.js:1327:12)\n    at processTicksAndRejections (internal/process/task_queues.js:80:21)",
                "diff": null
              },
              "uuid": "59acaef4-580f-4a2b-8e6a-82a2b55832dd",
              "parentUUID": "20de8a36-ba4c-426a-9157-87f7d48bb10f",
              "isHook": false,
              "skipped": false
            },
            {
              "title": "Should have all the property for each user",
              "fullTitle": "Get user info Should have all the property for each user",
              "timedOut": false,
              "duration": 103,
              "state": "failed",
              "speed": null,
              "pass": false,
              "fail": true,
              "pending": false,
              "context": null,
              "code": "const response = await axios.get(url.singleUser + \"/\" + newUser._id);\nresponse.data.singleUser.should.have.property(\"name\");\nresponse.data.singleUser.should.have.property(\"email\");\nresponse.data.singleUser.should.have.property(\"age\");\nexpect(response.status).to.be.equal(200);\nexpect(response.data.singleUser).to.be.an(\"object\");",
              "err": {
                "message": "AxiosError: Request failed with status code 401",
                "estack": "AxiosError: Request failed with status code 401\n    at settle (node_modules\\axios\\dist\\node\\axios.cjs:1900:12)\n    at IncomingMessage.handleStreamEnd (node_modules\\axios\\dist\\node\\axios.cjs:2952:11)\n    at endReadableNT (_stream_readable.js:1327:12)\n    at processTicksAndRejections (internal/process/task_queues.js:80:21)",
                "diff": null
              },
              "uuid": "cd66ced6-cffe-45c5-ba37-c39f2e827f76",
              "parentUUID": "20de8a36-ba4c-426a-9157-87f7d48bb10f",
              "isHook": false,
              "skipped": false
            }
          ],
          "suites": [],
          "passes": [
            "f5862679-4241-4830-b2c1-010f40bfcffa"
          ],
          "failures": [
            "59acaef4-580f-4a2b-8e6a-82a2b55832dd",
            "cd66ced6-cffe-45c5-ba37-c39f2e827f76"
          ],
          "pending": [],
          "skipped": [],
          "duration": 347,
          "root": false,
          "rootEmpty": false,
          "_timeout": 2000
        },
        {
          "uuid": "3d9d0995-aa67-4a80-80fd-3d3f7bb3a740",
          "title": "Create new user",
          "fullFile": "C:\\Users\\hp\\Desktop\\javascipt learning\\earlier\\javascript\\Backend\\1\\testing wtih chai\\test\\postUser.js",
          "file": "\\test\\postUser.js",
          "beforeHooks": [],
          "afterHooks": [],
          "tests": [
            {
              "title": "User created successfully",
              "fullTitle": "Create new user User created successfully",
              "timedOut": false,
              "duration": 118,
              "state": "passed",
              "speed": "slow",
              "pass": true,
              "fail": false,
              "pending": false,
              "context": null,
              "code": "const payload = {\n    name: \"john doe\",\n    email: \"doe@gmail.com\",\n    age: 10,\n  };\nconst response = await axios.post(url.createUser, payload);\n// console.log(response.data);\nexpect(response.status).to.be.equal(201);\nexpect(response.data.user).to.be.an(\"object\");",
              "err": {},
              "uuid": "dfd4e946-e0a9-4eca-a1db-c8224655894a",
              "parentUUID": "3d9d0995-aa67-4a80-80fd-3d3f7bb3a740",
              "isHook": false,
              "skipped": false
            }
          ],
          "suites": [],
          "passes": [
            "dfd4e946-e0a9-4eca-a1db-c8224655894a"
          ],
          "failures": [],
          "pending": [],
          "skipped": [],
          "duration": 118,
          "root": false,
          "rootEmpty": false,
          "_timeout": 2000
        },
        {
          "uuid": "d977c42e-b6e7-47dc-bca4-73f8d8defb7e",
          "title": "Update user information",
          "fullFile": "C:\\Users\\hp\\Desktop\\javascipt learning\\earlier\\javascript\\Backend\\1\\testing wtih chai\\test\\updateUser.js",
          "file": "\\test\\updateUser.js",
          "beforeHooks": [],
          "afterHooks": [],
          "tests": [
            {
              "title": "Update single user all information together",
              "fullTitle": "Update user information Update single user all information together",
              "timedOut": false,
              "duration": 108,
              "state": "failed",
              "speed": null,
              "pass": false,
              "fail": true,
              "pending": false,
              "context": null,
              "code": "const payload = {\n    name: \"name change\",\n    email: \"change@gmail.com\",\n    age: 80,\n  };\nconst response = await axios.put(url.updateUser + \"/\" + newUser._id, payload); \n// console.log(response.data);\nexpect(response.status).to.be.equal(200);\nexpect(response.data.updatedinfo).to.be.an(\"object\");",
              "err": {
                "message": "AssertionError: expected null to be an object",
                "estack": "AssertionError: expected null to be an object\n    at Context.<anonymous> (test\\updateUser.js:24:49)\n    at processTicksAndRejections (internal/process/task_queues.js:93:5)",
                "diff": null
              },
              "uuid": "d32f4026-4fe7-4e5b-9916-a162248a11a1",
              "parentUUID": "d977c42e-b6e7-47dc-bca4-73f8d8defb7e",
              "isHook": false,
              "skipped": false
            }
          ],
          "suites": [],
          "passes": [],
          "failures": [
            "d32f4026-4fe7-4e5b-9916-a162248a11a1"
          ],
          "pending": [],
          "skipped": [],
          "duration": 108,
          "root": false,
          "rootEmpty": false,
          "_timeout": 2000
        }
      ],
      "passes": [],
      "failures": [],
      "pending": [],
      "skipped": [],
      "duration": 0,
      "root": true,
      "rootEmpty": true,
      "_timeout": 2000
    }
  ],
  "meta": {
    "mocha": {
      "version": "10.2.0"
    },
    "mochawesome": {
      "options": {
        "quiet": false,
        "reportFilename": "mochawesome",
        "saveHtml": true,
        "saveJson": true,
        "consoleReporter": "spec",
        "useInlineDiffs": false,
        "code": true
      },
      "version": "7.1.3"
    },
    "marge": {
      "options": null,
      "version": "6.2.0"
    }
  }
}